Time [yr]	Species	Pebble Abundance [cm-2]
100.0	grainH	0.0000000000e+00
100.0	grainH(-)	0.0000000000e+00
100.0	grainH2	9.0450349119e-12
100.0	grainHe	1.2584705373e-18
100.0	grainC	0.0000000000e+00
100.0	grainCH	0.0000000000e+00
100.0	grainC(-)	0.0000000000e+00
100.0	grainCH2	0.0000000000e+00
100.0	grainCH3	0.0000000000e+00
100.0	grainN	0.0000000000e+00
100.0	grainNH	0.0000000000e+00
100.0	grainCH4	0.0000000000e+00
100.0	grainNH2	0.0000000000e+00
100.0	grainNH3	0.0000000000e+00
100.0	grainO	0.0000000000e+00
100.0	grainOH	0.0000000000e+00
100.0	grainO(-)	0.0000000000e+00
100.0	grainH2O	5.2574899629e-07
100.0	grainOH(-)	0.0000000000e+00
100.0	grainNa	0.0000000000e+00
100.0	grainC2	0.0000000000e+00
100.0	grainMg	0.0000000000e+00
100.0	grainNaH	0.0000000000e+00
100.0	grainC2H	0.0000000000e+00
100.0	grainMgH	0.0000000000e+00
100.0	grainC2H2	0.0000000000e+00
100.0	grainCN	0.0000000000e+00
100.0	grainCN(-)	0.0000000000e+00
100.0	grainMgH2	0.0000000000e+00
100.0	grainC2H3	0.0000000000e+00
100.0	grainHCN	0.0000000000e+00
100.0	grainHNC	0.0000000000e+00
100.0	grainC2H4	0.0000000000e+00
100.0	grainCHNH	0.0000000000e+00
100.0	grainCNH2	0.0000000000e+00
100.0	grainCO	1.1330975002e-08
100.0	grainH2CN	0.0000000000e+00
100.0	grainN2	0.0000000000e+00
100.0	grainSi	0.0000000000e+00
100.0	grainC2H5	0.0000000000e+00
100.0	grainCH2NH	0.0000000000e+00
100.0	grainCH3N	0.0000000000e+00
100.0	grainCHNH2	0.0000000000e+00
100.0	grainHCO	0.0000000000e+00
100.0	grainHOC	0.0000000000e+00
100.0	grainN2H	0.0000000000e+00
100.0	grainSiH	0.0000000000e+00
100.0	grainC2H6	0.0000000000e+00
100.0	grainCH2NH2	0.0000000000e+00
100.0	grainCH3NH	0.0000000000e+00
100.0	grainCHOH	0.0000000000e+00
100.0	grainH2CO	0.0000000000e+00
100.0	grainHOCH	0.0000000000e+00
100.0	grainN2H2	0.0000000000e+00
100.0	grainNO	0.0000000000e+00
100.0	grainSiH2	0.0000000000e+00
100.0	grainCH2OH	0.0000000000e+00
100.0	grainCH3O	0.0000000000e+00
100.0	grainCH5N	0.0000000000e+00
100.0	grainHNO	0.0000000000e+00
100.0	grainHON	0.0000000000e+00
100.0	grainSiH3	0.0000000000e+00
100.0	grainCH3OH	0.0000000000e+00
100.0	grainNH2OH	0.0000000000e+00
100.0	grainO2	0.0000000000e+00
100.0	grainS	0.0000000000e+00
100.0	grainSH	0.0000000000e+00
100.0	grainS(-)	0.0000000000e+00
100.0	grainSiH4	0.0000000000e+00
100.0	grainHS	0.0000000000e+00
100.0	grainO2H	0.0000000000e+00
100.0	grainH2O2	0.0000000000e+00
100.0	grainH2S	0.0000000000e+00
100.0	grainCl	0.0000000000e+00
100.0	grainC3	0.0000000000e+00
100.0	grainHCl	0.0000000000e+00
100.0	grainC3H	0.0000000000e+00
100.0	grainC2N	0.0000000000e+00
100.0	grainC3H2	0.0000000000e+00
100.0	grainH2CCC	0.0000000000e+00
100.0	grainC3H3	0.0000000000e+00
100.0	grainHCCN	0.0000000000e+00
100.0	grainC2O	0.0000000000e+00
100.0	grainC3H4	0.0000000000e+00
100.0	grainCH2CN	0.0000000000e+00
100.0	grainCH3CCH	0.0000000000e+00
100.0	grainNaOH	0.0000000000e+00
100.0	grainSiC	0.0000000000e+00
100.0	grainC3H5	0.0000000000e+00
100.0	grainCH3CN	0.0000000000e+00
100.0	grainHC2O	0.0000000000e+00
100.0	grainHCSi	0.0000000000e+00
100.0	grainC3H6	0.0000000000e+00
100.0	grainCH2CO	0.0000000000e+00
100.0	grainNH2CN	0.0000000000e+00
100.0	grainOCN	0.0000000000e+00
100.0	grainSiCH2	0.0000000000e+00
100.0	grainSiN	0.0000000000e+00
100.0	grainC3H7	0.0000000000e+00
100.0	grainHNCO	0.0000000000e+00
100.0	grainHNSi	0.0000000000e+00
100.0	grainSiCH3	0.0000000000e+00
100.0	grainC3H8	0.0000000000e+00
100.0	grainCH3CHO	0.0000000000e+00
100.0	grainCO2	0.0000000000e+00
100.0	grainCS	0.0000000000e+00
100.0	grainN2O	0.0000000000e+00
100.0	grainSiO	0.0000000000e+00
100.0	grainHCS	0.0000000000e+00
100.0	grainNH2CHO	0.0000000000e+00
100.0	grainNHNO	0.0000000000e+00
100.0	grainC2H5OH	0.0000000000e+00
100.0	grainCH3OCH3	0.0000000000e+00
100.0	grainH2CS	0.0000000000e+00
100.0	grainH2SiO	0.0000000000e+00
100.0	grainHCOOH	0.0000000000e+00
100.0	grainNH2NO	0.0000000000e+00
100.0	grainNO2	0.0000000000e+00
100.0	grainNS	0.0000000000e+00
100.0	grainCCl	0.0000000000e+00
100.0	grainC4	0.0000000000e+00
100.0	grainO3	0.0000000000e+00
100.0	grainSO	0.0000000000e+00
100.0	grainC4H	0.0000000000e+00
100.0	grainC3N	0.0000000000e+00
100.0	grainC4H2	0.0000000000e+00
100.0	grainC4H3	0.0000000000e+00
100.0	grainClO	0.0000000000e+00
100.0	grainHC2NC	0.0000000000e+00
100.0	grainHC3N	0.0000000000e+00
100.0	grainHCNC2	0.0000000000e+00
100.0	grainHNC3	0.0000000000e+00
100.0	grainC3O	0.0000000000e+00
100.0	grainC4H4	0.0000000000e+00
100.0	grainCH2CCN	0.0000000000e+00
100.0	grainNCCN	0.0000000000e+00
100.0	grainSiC2	0.0000000000e+00
100.0	grainC4H5	0.0000000000e+00
100.0	grainCH2CHCN	0.0000000000e+00
100.0	grainHC3O	0.0000000000e+00
100.0	grainSiC2H	0.0000000000e+00
100.0	grainC4H6	0.0000000000e+00
100.0	grainH2C3O	0.0000000000e+00
100.0	grainH4C3N	0.0000000000e+00
100.0	grainSiC2H2	0.0000000000e+00
100.0	grainSiNC	0.0000000000e+00
100.0	grainH5C3N	0.0000000000e+00
100.0	grainC2S	0.0000000000e+00
100.0	grainFe	0.0000000000e+00
100.0	grainFeH	0.0000000000e+00
100.0	grainC5	0.0000000000e+00
100.0	grainHCOOCH3	0.0000000000e+00
100.0	grainOCS	0.0000000000e+00
100.0	grainSiO2	0.0000000000e+00
100.0	grainSiS	0.0000000000e+00
100.0	grainC5H	0.0000000000e+00
100.0	grainC4N	0.0000000000e+00
100.0	grainC5H2	0.0000000000e+00
100.0	grainC5H3	0.0000000000e+00
100.0	grainCH3C4H	0.0000000000e+00
100.0	grainS2	0.0000000000e+00
100.0	grainSO2	0.0000000000e+00
100.0	grainCH3C3N	0.0000000000e+00
100.0	grainHS2	0.0000000000e+00
100.0	grainSiC3H	0.0000000000e+00
100.0	grainH2S2	0.0000000000e+00
100.0	grainC3S	0.0000000000e+00
100.0	grainC6	0.0000000000e+00
100.0	grainC6H	0.0000000000e+00
100.0	grainC5N	0.0000000000e+00
100.0	grainC6H2	0.0000000000e+00
100.0	grainC6H3	0.0000000000e+00
100.0	grainHC5N	0.0000000000e+00
100.0	grainC6H4	0.0000000000e+00
100.0	grainH2C5N	0.0000000000e+00
100.0	grainSiC4	0.0000000000e+00
100.0	grainH3C5N	0.0000000000e+00
100.0	grainC6H6	0.0000000000e+00
100.0	grainC4S	0.0000000000e+00
100.0	grainC7	0.0000000000e+00
100.0	grainC7H	0.0000000000e+00
100.0	grainC7H2	0.0000000000e+00
100.0	grainC7H3	0.0000000000e+00
100.0	grainC7H4	0.0000000000e+00
100.0	grainCH3C6H	0.0000000000e+00
100.0	grainCH3C5N	0.0000000000e+00
100.0	grainC8	0.0000000000e+00
100.0	grainC8H	0.0000000000e+00
100.0	grainC7N	0.0000000000e+00
100.0	grainC8H2	0.0000000000e+00
100.0	grainC8H3	0.0000000000e+00
100.0	grainHC7N	0.0000000000e+00
100.0	grainC8H4	0.0000000000e+00
100.0	grainH2C7N	0.0000000000e+00
100.0	grainH3C7N	0.0000000000e+00
100.0	grainC9	0.0000000000e+00
100.0	grainC9H	0.0000000000e+00
100.0	grainC9H2	0.0000000000e+00
100.0	grainC9H3	0.0000000000e+00
100.0	grainC9H4	0.0000000000e+00
100.0	grainCH3C7N	0.0000000000e+00
100.0	grainC10	0.0000000000e+00
100.0	grainC9N	0.0000000000e+00
100.0	grainHC9N	0.0000000000e+00
100.0	grainH2C9N	0.0000000000e+00
100.0	grainH3C9N	0.0000000000e+00
100.0	grain	5.7832389599e-14
200.0	grainH	0.0000000000e+00
200.0	grainH(-)	0.0000000000e+00
200.0	grainH2	1.7412558516e-11
200.0	grainHe	2.4227273453e-18
200.0	grainC	0.0000000000e+00
200.0	grainCH	0.0000000000e+00
200.0	grainC(-)	0.0000000000e+00
200.0	grainCH2	0.0000000000e+00
200.0	grainCH3	0.0000000000e+00
200.0	grainN	0.0000000000e+00
200.0	grainNH	0.0000000000e+00
200.0	grainCH4	0.0000000000e+00
200.0	grainNH2	0.0000000000e+00
200.0	grainNH3	0.0000000000e+00
200.0	grainO	0.0000000000e+00
200.0	grainOH	0.0000000000e+00
200.0	grainO(-)	0.0000000000e+00
200.0	grainH2O	1.0121825012e-06
200.0	grainOH(-)	0.0000000000e+00
200.0	grainNa	0.0000000000e+00
200.0	grainC2	0.0000000000e+00
200.0	grainMg	0.0000000000e+00
200.0	grainNaH	0.0000000000e+00
200.0	grainC2H	0.0000000000e+00
200.0	grainMgH	0.0000000000e+00
200.0	grainC2H2	0.0000000000e+00
200.0	grainCN	0.0000000000e+00
200.0	grainCN(-)	0.0000000000e+00
200.0	grainMgH2	0.0000000000e+00
200.0	grainC2H3	0.0000000000e+00
200.0	grainHCN	0.0000000000e+00
200.0	grainHNC	0.0000000000e+00
200.0	grainC2H4	0.0000000000e+00
200.0	grainCHNH	0.0000000000e+00
200.0	grainCNH2	0.0000000000e+00
200.0	grainCO	2.1813045905e-08
200.0	grainH2CN	0.0000000000e+00
200.0	grainN2	0.0000000000e+00
200.0	grainSi	0.0000000000e+00
200.0	grainC2H5	0.0000000000e+00
200.0	grainCH2NH	0.0000000000e+00
200.0	grainCH3N	0.0000000000e+00
200.0	grainCHNH2	0.0000000000e+00
200.0	grainHCO	0.0000000000e+00
200.0	grainHOC	0.0000000000e+00
200.0	grainN2H	0.0000000000e+00
200.0	grainSiH	0.0000000000e+00
200.0	grainC2H6	0.0000000000e+00
200.0	grainCH2NH2	0.0000000000e+00
200.0	grainCH3NH	0.0000000000e+00
200.0	grainCHOH	0.0000000000e+00
200.0	grainH2CO	0.0000000000e+00
200.0	grainHOCH	0.0000000000e+00
200.0	grainN2H2	0.0000000000e+00
200.0	grainNO	0.0000000000e+00
200.0	grainSiH2	0.0000000000e+00
200.0	grainCH2OH	0.0000000000e+00
200.0	grainCH3O	0.0000000000e+00
200.0	grainCH5N	0.0000000000e+00
200.0	grainHNO	0.0000000000e+00
200.0	grainHON	0.0000000000e+00
200.0	grainSiH3	0.0000000000e+00
200.0	grainCH3OH	0.0000000000e+00
200.0	grainNH2OH	0.0000000000e+00
200.0	grainO2	0.0000000000e+00
200.0	grainS	0.0000000000e+00
200.0	grainSH	0.0000000000e+00
200.0	grainS(-)	0.0000000000e+00
200.0	grainSiH4	0.0000000000e+00
200.0	grainHS	0.0000000000e+00
200.0	grainO2H	0.0000000000e+00
200.0	grainH2O2	0.0000000000e+00
200.0	grainH2S	0.0000000000e+00
200.0	grainCl	0.0000000000e+00
200.0	grainC3	0.0000000000e+00
200.0	grainHCl	0.0000000000e+00
200.0	grainC3H	0.0000000000e+00
200.0	grainC2N	0.0000000000e+00
200.0	grainC3H2	0.0000000000e+00
200.0	grainH2CCC	0.0000000000e+00
200.0	grainC3H3	0.0000000000e+00
200.0	grainHCCN	0.0000000000e+00
200.0	grainC2O	0.0000000000e+00
200.0	grainC3H4	0.0000000000e+00
200.0	grainCH2CN	0.0000000000e+00
200.0	grainCH3CCH	0.0000000000e+00
200.0	grainNaOH	0.0000000000e+00
200.0	grainSiC	0.0000000000e+00
200.0	grainC3H5	0.0000000000e+00
200.0	grainCH3CN	0.0000000000e+00
200.0	grainHC2O	0.0000000000e+00
200.0	grainHCSi	0.0000000000e+00
200.0	grainC3H6	0.0000000000e+00
200.0	grainCH2CO	0.0000000000e+00
200.0	grainNH2CN	0.0000000000e+00
200.0	grainOCN	0.0000000000e+00
200.0	grainSiCH2	0.0000000000e+00
200.0	grainSiN	0.0000000000e+00
200.0	grainC3H7	0.0000000000e+00
200.0	grainHNCO	0.0000000000e+00
200.0	grainHNSi	0.0000000000e+00
200.0	grainSiCH3	0.0000000000e+00
200.0	grainC3H8	0.0000000000e+00
200.0	grainCH3CHO	0.0000000000e+00
200.0	grainCO2	0.0000000000e+00
200.0	grainCS	0.0000000000e+00
200.0	grainN2O	0.0000000000e+00
200.0	grainSiO	0.0000000000e+00
200.0	grainHCS	0.0000000000e+00
200.0	grainNH2CHO	0.0000000000e+00
200.0	grainNHNO	0.0000000000e+00
200.0	grainC2H5OH	0.0000000000e+00
200.0	grainCH3OCH3	0.0000000000e+00
200.0	grainH2CS	0.0000000000e+00
200.0	grainH2SiO	0.0000000000e+00
200.0	grainHCOOH	0.0000000000e+00
200.0	grainNH2NO	0.0000000000e+00
200.0	grainNO2	0.0000000000e+00
200.0	grainNS	0.0000000000e+00
200.0	grainCCl	0.0000000000e+00
200.0	grainC4	0.0000000000e+00
200.0	grainO3	0.0000000000e+00
200.0	grainSO	0.0000000000e+00
200.0	grainC4H	0.0000000000e+00
200.0	grainC3N	0.0000000000e+00
200.0	grainC4H2	0.0000000000e+00
200.0	grainC4H3	0.0000000000e+00
200.0	grainClO	0.0000000000e+00
200.0	grainHC2NC	0.0000000000e+00
200.0	grainHC3N	0.0000000000e+00
200.0	grainHCNC2	0.0000000000e+00
200.0	grainHNC3	0.0000000000e+00
200.0	grainC3O	0.0000000000e+00
200.0	grainC4H4	0.0000000000e+00
200.0	grainCH2CCN	0.0000000000e+00
200.0	grainNCCN	0.0000000000e+00
200.0	grainSiC2	0.0000000000e+00
200.0	grainC4H5	0.0000000000e+00
200.0	grainCH2CHCN	0.0000000000e+00
200.0	grainHC3O	0.0000000000e+00
200.0	grainSiC2H	0.0000000000e+00
200.0	grainC4H6	0.0000000000e+00
200.0	grainH2C3O	0.0000000000e+00
200.0	grainH4C3N	0.0000000000e+00
200.0	grainSiC2H2	0.0000000000e+00
200.0	grainSiNC	0.0000000000e+00
200.0	grainH5C3N	0.0000000000e+00
200.0	grainC2S	0.0000000000e+00
200.0	grainFe	0.0000000000e+00
200.0	grainFeH	0.0000000000e+00
200.0	grainC5	0.0000000000e+00
200.0	grainHCOOCH3	0.0000000000e+00
200.0	grainOCS	0.0000000000e+00
200.0	grainSiO2	0.0000000000e+00
200.0	grainSiS	0.0000000000e+00
200.0	grainC5H	0.0000000000e+00
200.0	grainC4N	0.0000000000e+00
200.0	grainC5H2	0.0000000000e+00
200.0	grainC5H3	0.0000000000e+00
200.0	grainCH3C4H	0.0000000000e+00
200.0	grainS2	0.0000000000e+00
200.0	grainSO2	0.0000000000e+00
200.0	grainCH3C3N	0.0000000000e+00
200.0	grainHS2	0.0000000000e+00
200.0	grainSiC3H	0.0000000000e+00
200.0	grainH2S2	0.0000000000e+00
200.0	grainC3S	0.0000000000e+00
200.0	grainC6	0.0000000000e+00
200.0	grainC6H	0.0000000000e+00
200.0	grainC5N	0.0000000000e+00
200.0	grainC6H2	0.0000000000e+00
200.0	grainC6H3	0.0000000000e+00
200.0	grainHC5N	0.0000000000e+00
200.0	grainC6H4	0.0000000000e+00
200.0	grainH2C5N	0.0000000000e+00
200.0	grainSiC4	0.0000000000e+00
200.0	grainH3C5N	0.0000000000e+00
200.0	grainC6H6	0.0000000000e+00
200.0	grainC4S	0.0000000000e+00
200.0	grainC7	0.0000000000e+00
200.0	grainC7H	0.0000000000e+00
200.0	grainC7H2	0.0000000000e+00
200.0	grainC7H3	0.0000000000e+00
200.0	grainC7H4	0.0000000000e+00
200.0	grainCH3C6H	0.0000000000e+00
200.0	grainCH3C5N	0.0000000000e+00
200.0	grainC8	0.0000000000e+00
200.0	grainC8H	0.0000000000e+00
200.0	grainC7N	0.0000000000e+00
200.0	grainC8H2	0.0000000000e+00
200.0	grainC8H3	0.0000000000e+00
200.0	grainHC7N	0.0000000000e+00
200.0	grainC8H4	0.0000000000e+00
200.0	grainH2C7N	0.0000000000e+00
200.0	grainH3C7N	0.0000000000e+00
200.0	grainC9	0.0000000000e+00
200.0	grainC9H	0.0000000000e+00
200.0	grainC9H2	0.0000000000e+00
200.0	grainC9H3	0.0000000000e+00
200.0	grainC9H4	0.0000000000e+00
200.0	grainCH3C7N	0.0000000000e+00
200.0	grainC10	0.0000000000e+00
200.0	grainC9N	0.0000000000e+00
200.0	grainHC9N	0.0000000000e+00
200.0	grainH2C9N	0.0000000000e+00
200.0	grainH3C9N	0.0000000000e+00
200.0	grain	1.1134007514e-13
500.0	grainH	0.0000000000e+00
500.0	grainH(-)	0.0000000000e+00
500.0	grainH2	3.9151430431e-11
500.0	grainHe	5.4479970466e-18
500.0	grainC	0.0000000000e+00
500.0	grainCH	0.0000000000e+00
500.0	grainC(-)	0.0000000000e+00
500.0	grainCH2	0.0000000000e+00
500.0	grainCH3	0.0000000000e+00
500.0	grainN	0.0000000000e+00
500.0	grainNH	0.0000000000e+00
500.0	grainCH4	0.0000000000e+00
500.0	grainNH2	0.0000000000e+00
500.0	grainNH3	0.0000000000e+00
500.0	grainO	0.0000000000e+00
500.0	grainOH	0.0000000000e+00
500.0	grainO(-)	0.0000000000e+00
500.0	grainH2O	2.2765250506e-06
500.0	grainOH(-)	0.0000000000e+00
500.0	grainNa	0.0000000000e+00
500.0	grainC2	0.0000000000e+00
500.0	grainMg	0.0000000000e+00
500.0	grainNaH	0.0000000000e+00
500.0	grainC2H	0.0000000000e+00
500.0	grainMgH	0.0000000000e+00
500.0	grainC2H2	0.0000000000e+00
500.0	grainCN	0.0000000000e+00
500.0	grainCN(-)	0.0000000000e+00
500.0	grainMgH2	0.0000000000e+00
500.0	grainC2H3	0.0000000000e+00
500.0	grainHCN	0.0000000000e+00
500.0	grainHNC	0.0000000000e+00
500.0	grainC2H4	0.0000000000e+00
500.0	grainCHNH	0.0000000000e+00
500.0	grainCNH2	0.0000000000e+00
500.0	grainCO	4.9042560464e-08
500.0	grainH2CN	0.0000000000e+00
500.0	grainN2	0.0000000000e+00
500.0	grainSi	0.0000000000e+00
500.0	grainC2H5	0.0000000000e+00
500.0	grainCH2NH	0.0000000000e+00
500.0	grainCH3N	0.0000000000e+00
500.0	grainCHNH2	0.0000000000e+00
500.0	grainHCO	0.0000000000e+00
500.0	grainHOC	0.0000000000e+00
500.0	grainN2H	0.0000000000e+00
500.0	grainSiH	0.0000000000e+00
500.0	grainC2H6	0.0000000000e+00
500.0	grainCH2NH2	0.0000000000e+00
500.0	grainCH3NH	0.0000000000e+00
500.0	grainCHOH	0.0000000000e+00
500.0	grainH2CO	0.0000000000e+00
500.0	grainHOCH	0.0000000000e+00
500.0	grainN2H2	0.0000000000e+00
500.0	grainNO	0.0000000000e+00
500.0	grainSiH2	0.0000000000e+00
500.0	grainCH2OH	0.0000000000e+00
500.0	grainCH3O	0.0000000000e+00
500.0	grainCH5N	0.0000000000e+00
500.0	grainHNO	0.0000000000e+00
500.0	grainHON	0.0000000000e+00
500.0	grainSiH3	0.0000000000e+00
500.0	grainCH3OH	0.0000000000e+00
500.0	grainNH2OH	0.0000000000e+00
500.0	grainO2	0.0000000000e+00
500.0	grainS	0.0000000000e+00
500.0	grainSH	0.0000000000e+00
500.0	grainS(-)	0.0000000000e+00
500.0	grainSiH4	0.0000000000e+00
500.0	grainHS	0.0000000000e+00
500.0	grainO2H	0.0000000000e+00
500.0	grainH2O2	0.0000000000e+00
500.0	grainH2S	0.0000000000e+00
500.0	grainCl	0.0000000000e+00
500.0	grainC3	0.0000000000e+00
500.0	grainHCl	0.0000000000e+00
500.0	grainC3H	0.0000000000e+00
500.0	grainC2N	0.0000000000e+00
500.0	grainC3H2	0.0000000000e+00
500.0	grainH2CCC	0.0000000000e+00
500.0	grainC3H3	0.0000000000e+00
500.0	grainHCCN	0.0000000000e+00
500.0	grainC2O	0.0000000000e+00
500.0	grainC3H4	0.0000000000e+00
500.0	grainCH2CN	0.0000000000e+00
500.0	grainCH3CCH	0.0000000000e+00
500.0	grainNaOH	0.0000000000e+00
500.0	grainSiC	0.0000000000e+00
500.0	grainC3H5	0.0000000000e+00
500.0	grainCH3CN	0.0000000000e+00
500.0	grainHC2O	0.0000000000e+00
500.0	grainHCSi	0.0000000000e+00
500.0	grainC3H6	0.0000000000e+00
500.0	grainCH2CO	0.0000000000e+00
500.0	grainNH2CN	0.0000000000e+00
500.0	grainOCN	0.0000000000e+00
500.0	grainSiCH2	0.0000000000e+00
500.0	grainSiN	0.0000000000e+00
500.0	grainC3H7	0.0000000000e+00
500.0	grainHNCO	0.0000000000e+00
500.0	grainHNSi	0.0000000000e+00
500.0	grainSiCH3	0.0000000000e+00
500.0	grainC3H8	0.0000000000e+00
500.0	grainCH3CHO	0.0000000000e+00
500.0	grainCO2	0.0000000000e+00
500.0	grainCS	0.0000000000e+00
500.0	grainN2O	0.0000000000e+00
500.0	grainSiO	0.0000000000e+00
500.0	grainHCS	0.0000000000e+00
500.0	grainNH2CHO	0.0000000000e+00
500.0	grainNHNO	0.0000000000e+00
500.0	grainC2H5OH	0.0000000000e+00
500.0	grainCH3OCH3	0.0000000000e+00
500.0	grainH2CS	0.0000000000e+00
500.0	grainH2SiO	0.0000000000e+00
500.0	grainHCOOH	0.0000000000e+00
500.0	grainNH2NO	0.0000000000e+00
500.0	grainNO2	0.0000000000e+00
500.0	grainNS	0.0000000000e+00
500.0	grainCCl	0.0000000000e+00
500.0	grainC4	0.0000000000e+00
500.0	grainO3	0.0000000000e+00
500.0	grainSO	0.0000000000e+00
500.0	grainC4H	0.0000000000e+00
500.0	grainC3N	0.0000000000e+00
500.0	grainC4H2	0.0000000000e+00
500.0	grainC4H3	0.0000000000e+00
500.0	grainClO	0.0000000000e+00
500.0	grainHC2NC	0.0000000000e+00
500.0	grainHC3N	0.0000000000e+00
500.0	grainHCNC2	0.0000000000e+00
500.0	grainHNC3	0.0000000000e+00
500.0	grainC3O	0.0000000000e+00
500.0	grainC4H4	0.0000000000e+00
500.0	grainCH2CCN	0.0000000000e+00
500.0	grainNCCN	0.0000000000e+00
500.0	grainSiC2	0.0000000000e+00
500.0	grainC4H5	0.0000000000e+00
500.0	grainCH2CHCN	0.0000000000e+00
500.0	grainHC3O	0.0000000000e+00
500.0	grainSiC2H	0.0000000000e+00
500.0	grainC4H6	0.0000000000e+00
500.0	grainH2C3O	0.0000000000e+00
500.0	grainH4C3N	0.0000000000e+00
500.0	grainSiC2H2	0.0000000000e+00
500.0	grainSiNC	0.0000000000e+00
500.0	grainH5C3N	0.0000000000e+00
500.0	grainC2S	0.0000000000e+00
500.0	grainFe	0.0000000000e+00
500.0	grainFeH	0.0000000000e+00
500.0	grainC5	0.0000000000e+00
500.0	grainHCOOCH3	0.0000000000e+00
500.0	grainOCS	0.0000000000e+00
500.0	grainSiO2	0.0000000000e+00
500.0	grainSiS	0.0000000000e+00
500.0	grainC5H	0.0000000000e+00
500.0	grainC4N	0.0000000000e+00
500.0	grainC5H2	0.0000000000e+00
500.0	grainC5H3	0.0000000000e+00
500.0	grainCH3C4H	0.0000000000e+00
500.0	grainS2	0.0000000000e+00
500.0	grainSO2	0.0000000000e+00
500.0	grainCH3C3N	0.0000000000e+00
500.0	grainHS2	0.0000000000e+00
500.0	grainSiC3H	0.0000000000e+00
500.0	grainH2S2	0.0000000000e+00
500.0	grainC3S	0.0000000000e+00
500.0	grainC6	0.0000000000e+00
500.0	grainC6H	0.0000000000e+00
500.0	grainC5N	0.0000000000e+00
500.0	grainC6H2	0.0000000000e+00
500.0	grainC6H3	0.0000000000e+00
500.0	grainHC5N	0.0000000000e+00
500.0	grainC6H4	0.0000000000e+00
500.0	grainH2C5N	0.0000000000e+00
500.0	grainSiC4	0.0000000000e+00
500.0	grainH3C5N	0.0000000000e+00
500.0	grainC6H6	0.0000000000e+00
500.0	grainC4S	0.0000000000e+00
500.0	grainC7	0.0000000000e+00
500.0	grainC7H	0.0000000000e+00
500.0	grainC7H2	0.0000000000e+00
500.0	grainC7H3	0.0000000000e+00
500.0	grainC7H4	0.0000000000e+00
500.0	grainCH3C6H	0.0000000000e+00
500.0	grainCH3C5N	0.0000000000e+00
500.0	grainC8	0.0000000000e+00
500.0	grainC8H	0.0000000000e+00
500.0	grainC7N	0.0000000000e+00
500.0	grainC8H2	0.0000000000e+00
500.0	grainC8H3	0.0000000000e+00
500.0	grainHC7N	0.0000000000e+00
500.0	grainC8H4	0.0000000000e+00
500.0	grainH2C7N	0.0000000000e+00
500.0	grainH3C7N	0.0000000000e+00
500.0	grainC9	0.0000000000e+00
500.0	grainC9H	0.0000000000e+00
500.0	grainC9H2	0.0000000000e+00
500.0	grainC9H3	0.0000000000e+00
500.0	grainC9H4	0.0000000000e+00
500.0	grainCH3C7N	0.0000000000e+00
500.0	grainC10	0.0000000000e+00
500.0	grainC9N	0.0000000000e+00
500.0	grainHC9N	0.0000000000e+00
500.0	grainH2C9N	0.0000000000e+00
500.0	grainH3C9N	0.0000000000e+00
500.0	grain	2.5041775559e-13
1000.0	grainH	0.0000000000e+00
1000.0	grainH(-)	0.0000000000e+00
1000.0	grainH2	6.7137332485e-11
1000.0	grainHe	9.3450097400e-18
1000.0	grainC	0.0000000000e+00
1000.0	grainCH	0.0000000000e+00
1000.0	grainC(-)	0.0000000000e+00
1000.0	grainCH2	0.0000000000e+00
1000.0	grainCH3	0.0000000000e+00
1000.0	grainN	0.0000000000e+00
1000.0	grainNH	0.0000000000e+00
1000.0	grainCH4	0.0000000000e+00
1000.0	grainNH2	0.0000000000e+00
1000.0	grainNH3	0.0000000000e+00
1000.0	grainO	0.0000000000e+00
1000.0	grainOH	0.0000000000e+00
1000.0	grainO(-)	0.0000000000e+00
1000.0	grainH2O	3.9066940182e-06
1000.0	grainOH(-)	0.0000000000e+00
1000.0	grainNa	0.0000000000e+00
1000.0	grainC2	0.0000000000e+00
1000.0	grainMg	0.0000000000e+00
1000.0	grainNaH	0.0000000000e+00
1000.0	grainC2H	0.0000000000e+00
1000.0	grainMgH	0.0000000000e+00
1000.0	grainC2H2	0.0000000000e+00
1000.0	grainCN	0.0000000000e+00
1000.0	grainCN(-)	0.0000000000e+00
1000.0	grainMgH2	0.0000000000e+00
1000.0	grainC2H3	0.0000000000e+00
1000.0	grainHCN	0.0000000000e+00
1000.0	grainHNC	0.0000000000e+00
1000.0	grainC2H4	0.0000000000e+00
1000.0	grainCHNH	0.0000000000e+00
1000.0	grainCNH2	0.0000000000e+00
1000.0	grainCO	8.4080924831e-08
1000.0	grainH2CN	0.0000000000e+00
1000.0	grainN2	0.0000000000e+00
1000.0	grainSi	0.0000000000e+00
1000.0	grainC2H5	0.0000000000e+00
1000.0	grainCH2NH	0.0000000000e+00
1000.0	grainCH3N	0.0000000000e+00
1000.0	grainCHNH2	0.0000000000e+00
1000.0	grainHCO	0.0000000000e+00
1000.0	grainHOC	0.0000000000e+00
1000.0	grainN2H	0.0000000000e+00
1000.0	grainSiH	0.0000000000e+00
1000.0	grainC2H6	0.0000000000e+00
1000.0	grainCH2NH2	0.0000000000e+00
1000.0	grainCH3NH	0.0000000000e+00
1000.0	grainCHOH	0.0000000000e+00
1000.0	grainH2CO	0.0000000000e+00
1000.0	grainHOCH	0.0000000000e+00
1000.0	grainN2H2	0.0000000000e+00
1000.0	grainNO	0.0000000000e+00
1000.0	grainSiH2	0.0000000000e+00
1000.0	grainCH2OH	0.0000000000e+00
1000.0	grainCH3O	0.0000000000e+00
1000.0	grainCH5N	0.0000000000e+00
1000.0	grainHNO	0.0000000000e+00
1000.0	grainHON	0.0000000000e+00
1000.0	grainSiH3	0.0000000000e+00
1000.0	grainCH3OH	0.0000000000e+00
1000.0	grainNH2OH	0.0000000000e+00
1000.0	grainO2	0.0000000000e+00
1000.0	grainS	0.0000000000e+00
1000.0	grainSH	0.0000000000e+00
1000.0	grainS(-)	0.0000000000e+00
1000.0	grainSiH4	0.0000000000e+00
1000.0	grainHS	0.0000000000e+00
1000.0	grainO2H	0.0000000000e+00
1000.0	grainH2O2	0.0000000000e+00
1000.0	grainH2S	0.0000000000e+00
1000.0	grainCl	0.0000000000e+00
1000.0	grainC3	0.0000000000e+00
1000.0	grainHCl	0.0000000000e+00
1000.0	grainC3H	0.0000000000e+00
1000.0	grainC2N	0.0000000000e+00
1000.0	grainC3H2	0.0000000000e+00
1000.0	grainH2CCC	0.0000000000e+00
1000.0	grainC3H3	0.0000000000e+00
1000.0	grainHCCN	0.0000000000e+00
1000.0	grainC2O	0.0000000000e+00
1000.0	grainC3H4	0.0000000000e+00
1000.0	grainCH2CN	0.0000000000e+00
1000.0	grainCH3CCH	0.0000000000e+00
1000.0	grainNaOH	0.0000000000e+00
1000.0	grainSiC	0.0000000000e+00
1000.0	grainC3H5	0.0000000000e+00
1000.0	grainCH3CN	0.0000000000e+00
1000.0	grainHC2O	0.0000000000e+00
1000.0	grainHCSi	0.0000000000e+00
1000.0	grainC3H6	0.0000000000e+00
1000.0	grainCH2CO	0.0000000000e+00
1000.0	grainNH2CN	0.0000000000e+00
1000.0	grainOCN	0.0000000000e+00
1000.0	grainSiCH2	0.0000000000e+00
1000.0	grainSiN	0.0000000000e+00
1000.0	grainC3H7	0.0000000000e+00
1000.0	grainHNCO	0.0000000000e+00
1000.0	grainHNSi	0.0000000000e+00
1000.0	grainSiCH3	0.0000000000e+00
1000.0	grainC3H8	0.0000000000e+00
1000.0	grainCH3CHO	0.0000000000e+00
1000.0	grainCO2	0.0000000000e+00
1000.0	grainCS	0.0000000000e+00
1000.0	grainN2O	0.0000000000e+00
1000.0	grainSiO	0.0000000000e+00
1000.0	grainHCS	0.0000000000e+00
1000.0	grainNH2CHO	0.0000000000e+00
1000.0	grainNHNO	0.0000000000e+00
1000.0	grainC2H5OH	0.0000000000e+00
1000.0	grainCH3OCH3	0.0000000000e+00
1000.0	grainH2CS	0.0000000000e+00
1000.0	grainH2SiO	0.0000000000e+00
1000.0	grainHCOOH	0.0000000000e+00
1000.0	grainNH2NO	0.0000000000e+00
1000.0	grainNO2	0.0000000000e+00
1000.0	grainNS	0.0000000000e+00
1000.0	grainCCl	0.0000000000e+00
1000.0	grainC4	0.0000000000e+00
1000.0	grainO3	0.0000000000e+00
1000.0	grainSO	0.0000000000e+00
1000.0	grainC4H	0.0000000000e+00
1000.0	grainC3N	0.0000000000e+00
1000.0	grainC4H2	0.0000000000e+00
1000.0	grainC4H3	0.0000000000e+00
1000.0	grainClO	0.0000000000e+00
1000.0	grainHC2NC	0.0000000000e+00
1000.0	grainHC3N	0.0000000000e+00
1000.0	grainHCNC2	0.0000000000e+00
1000.0	grainHNC3	0.0000000000e+00
1000.0	grainC3O	0.0000000000e+00
1000.0	grainC4H4	0.0000000000e+00
1000.0	grainCH2CCN	0.0000000000e+00
1000.0	grainNCCN	0.0000000000e+00
1000.0	grainSiC2	0.0000000000e+00
1000.0	grainC4H5	0.0000000000e+00
1000.0	grainCH2CHCN	0.0000000000e+00
1000.0	grainHC3O	0.0000000000e+00
1000.0	grainSiC2H	0.0000000000e+00
1000.0	grainC4H6	0.0000000000e+00
1000.0	grainH2C3O	0.0000000000e+00
1000.0	grainH4C3N	0.0000000000e+00
1000.0	grainSiC2H2	0.0000000000e+00
1000.0	grainSiNC	0.0000000000e+00
1000.0	grainH5C3N	0.0000000000e+00
1000.0	grainC2S	0.0000000000e+00
1000.0	grainFe	0.0000000000e+00
1000.0	grainFeH	0.0000000000e+00
1000.0	grainC5	0.0000000000e+00
1000.0	grainHCOOCH3	0.0000000000e+00
1000.0	grainOCS	0.0000000000e+00
1000.0	grainSiO2	0.0000000000e+00
1000.0	grainSiS	0.0000000000e+00
1000.0	grainC5H	0.0000000000e+00
1000.0	grainC4N	0.0000000000e+00
1000.0	grainC5H2	0.0000000000e+00
1000.0	grainC5H3	0.0000000000e+00
1000.0	grainCH3C4H	0.0000000000e+00
1000.0	grainS2	0.0000000000e+00
1000.0	grainSO2	0.0000000000e+00
1000.0	grainCH3C3N	0.0000000000e+00
1000.0	grainHS2	0.0000000000e+00
1000.0	grainSiC3H	0.0000000000e+00
1000.0	grainH2S2	0.0000000000e+00
1000.0	grainC3S	0.0000000000e+00
1000.0	grainC6	0.0000000000e+00
1000.0	grainC6H	0.0000000000e+00
1000.0	grainC5N	0.0000000000e+00
1000.0	grainC6H2	0.0000000000e+00
1000.0	grainC6H3	0.0000000000e+00
1000.0	grainHC5N	0.0000000000e+00
1000.0	grainC6H4	0.0000000000e+00
1000.0	grainH2C5N	0.0000000000e+00
1000.0	grainSiC4	0.0000000000e+00
1000.0	grainH3C5N	0.0000000000e+00
1000.0	grainC6H6	0.0000000000e+00
1000.0	grainC4S	0.0000000000e+00
1000.0	grainC7	0.0000000000e+00
1000.0	grainC7H	0.0000000000e+00
1000.0	grainC7H2	0.0000000000e+00
1000.0	grainC7H3	0.0000000000e+00
1000.0	grainC7H4	0.0000000000e+00
1000.0	grainCH3C6H	0.0000000000e+00
1000.0	grainCH3C5N	0.0000000000e+00
1000.0	grainC8	0.0000000000e+00
1000.0	grainC8H	0.0000000000e+00
1000.0	grainC7N	0.0000000000e+00
1000.0	grainC8H2	0.0000000000e+00
1000.0	grainC8H3	0.0000000000e+00
1000.0	grainHC7N	0.0000000000e+00
1000.0	grainC8H4	0.0000000000e+00
1000.0	grainH2C7N	0.0000000000e+00
1000.0	grainH3C7N	0.0000000000e+00
1000.0	grainC9	0.0000000000e+00
1000.0	grainC9H	0.0000000000e+00
1000.0	grainC9H2	0.0000000000e+00
1000.0	grainC9H3	0.0000000000e+00
1000.0	grainC9H4	0.0000000000e+00
1000.0	grainCH3C7N	0.0000000000e+00
1000.0	grainC10	0.0000000000e+00
1000.0	grainC9N	0.0000000000e+00
1000.0	grainHC9N	0.0000000000e+00
1000.0	grainH2C9N	0.0000000000e+00
1000.0	grainH3C9N	0.0000000000e+00
1000.0	grain	4.2973634205e-13
